2026-03-07 23:58:02,174 - __main__ - INFO - Старт генерации синтетических данных
2026-03-07 23:58:02,174 - __main__ - INFO - Директория вывода: data
2026-03-07 23:58:02,175 - __main__ - INFO - Количество магазинов: 45 (по умолчанию)
2026-03-07 23:58:02,175 - __main__ - INFO - Количество товаров: 50 (по умолчанию)
2026-03-07 23:58:02,175 - __main__ - INFO - Количество покупателей: = магазинам (по умолчанию)
2026-03-07 23:58:02,175 - __main__ - INFO - Количество покупок: 200
2026-03-07 23:58:02,650 - __main__ - INFO - Генерация завершена успешно
2026-03-07 23:58:02,650 - __main__ - INFO - Сгенерировано: {'stores': 45, 'products': 50, 'customers': 45, 'purchases': 200}
2026-03-08 00:21:48,034 - __main__ - INFO - Старт генерации синтетических данных
2026-03-08 00:21:48,034 - __main__ - INFO - Директория вывода: data
2026-03-08 00:21:48,035 - __main__ - INFO - Количество магазинов: 45 (по умолчанию)
2026-03-08 00:21:48,035 - __main__ - INFO - Количество товаров: 50 (по умолчанию)
2026-03-08 00:21:48,035 - __main__ - INFO - Количество покупателей: = магазинам (по умолчанию)
2026-03-08 00:21:48,035 - __main__ - INFO - Количество покупок: 200
2026-03-08 00:21:48,389 - __main__ - INFO - Генерация завершена успешно
2026-03-08 00:21:48,389 - __main__ - INFO - Сгенерировано: {'stores': 45, 'products': 50, 'customers': 45, 'purchases': 200}
2026-03-08 00:34:46,356 - __main__ - INFO - Старт генерации синтетических данных
2026-03-08 00:34:46,357 - __main__ - INFO - Директория вывода: data
2026-03-08 00:34:46,357 - __main__ - INFO - Количество магазинов: 45 (по умолчанию)
2026-03-08 00:34:46,357 - __main__ - INFO - Количество товаров: 50 (по умолчанию)
2026-03-08 00:34:46,357 - __main__ - INFO - Количество покупателей: = магазинам (по умолчанию)
2026-03-08 00:34:46,357 - __main__ - INFO - Количество покупок: 200
2026-03-08 00:34:46,710 - __main__ - INFO - Генерация завершена успешно
2026-03-08 00:34:46,710 - __main__ - INFO - Сгенерировано: {'stores': 45, 'products': 50, 'customers': 45, 'purchases': 200}
2026-03-08 00:41:48,134 - __main__ - INFO - Старт генерации синтетических данных
2026-03-08 00:41:48,134 - __main__ - INFO - Директория вывода: data
2026-03-08 00:41:48,135 - __main__ - INFO - Количество магазинов: 45 (по умолчанию)
2026-03-08 00:41:48,135 - __main__ - INFO - Количество товаров: 50 (по умолчанию)
2026-03-08 00:41:48,135 - __main__ - INFO - Количество покупателей: = магазинам (по умолчанию)
2026-03-08 00:41:48,136 - __main__ - INFO - Количество покупок: 200
2026-03-08 00:41:48,727 - __main__ - INFO - Генерация завершена успешно
2026-03-08 00:41:48,727 - __main__ - INFO - Сгенерировано: {'stores': 45, 'products': 50, 'customers': 45, 'purchases': 200}
2026-03-08 01:06:26,462 - __main__ - INFO - Старт генерации синтетических данных
2026-03-08 01:06:26,463 - __main__ - INFO - Директория вывода: data
2026-03-08 01:06:26,463 - __main__ - INFO - Количество магазинов: 45 (по умолчанию)
2026-03-08 01:06:26,463 - __main__ - INFO - Количество товаров: 50 (по умолчанию)
2026-03-08 01:06:26,463 - __main__ - INFO - Количество покупателей: = магазинам (по умолчанию)
2026-03-08 01:06:26,463 - __main__ - INFO - Количество покупок: 200
2026-03-08 01:06:26,810 - __main__ - INFO - Генерация завершена успешно
2026-03-08 01:06:26,810 - __main__ - INFO - Сгенерировано: {'stores': 45, 'products': 50, 'customers': 45, 'purchases': 200}
2026-03-08 01:19:31,154 - __main__ - INFO - Старт генерации синтетических данных
2026-03-08 01:19:31,154 - __main__ - INFO - Директория вывода: data
2026-03-08 01:19:31,155 - __main__ - INFO - Количество магазинов: 45 (по умолчанию)
2026-03-08 01:19:31,155 - __main__ - INFO - Количество товаров: 50 (по умолчанию)
2026-03-08 01:19:31,155 - __main__ - INFO - Количество покупателей: = магазинам (по умолчанию)
2026-03-08 01:19:31,155 - __main__ - INFO - Количество покупок: 200
2026-03-08 01:19:31,519 - __main__ - INFO - Генерация завершена успешно
2026-03-08 01:19:31,519 - __main__ - INFO - Сгенерировано: {'stores': 45, 'products': 50, 'customers': 45, 'purchases': 200}
2026-03-08 01:38:45,364 - __main__ - INFO - Старт генерации синтетических данных
2026-03-08 01:38:45,364 - __main__ - INFO - Директория вывода: data
2026-03-08 01:38:45,365 - __main__ - INFO - Количество магазинов: 45 (по умолчанию)
2026-03-08 01:38:45,365 - __main__ - INFO - Количество товаров: 50 (по умолчанию)
2026-03-08 01:38:45,365 - __main__ - INFO - Количество покупателей: = магазинам (по умолчанию)
2026-03-08 01:38:45,365 - __main__ - INFO - Количество покупок: 200
2026-03-08 01:38:45,726 - __main__ - INFO - Генерация завершена успешно
2026-03-08 01:38:45,727 - __main__ - INFO - Сгенерировано: {'stores': 45, 'products': 50, 'customers': 45, 'purchases': 200}
2026-03-08 01:41:06,836 - __main__ - INFO - Старт генерации синтетических данных
2026-03-08 01:41:06,837 - __main__ - INFO - Директория вывода: data
2026-03-08 01:41:06,837 - __main__ - INFO - Количество магазинов: 45 (по умолчанию)
2026-03-08 01:41:06,837 - __main__ - INFO - Количество товаров: 50 (по умолчанию)
2026-03-08 01:41:06,837 - __main__ - INFO - Количество покупателей: = магазинам (по умолчанию)
2026-03-08 01:41:06,837 - __main__ - INFO - Количество покупок: 200
2026-03-08 01:41:07,214 - __main__ - INFO - Генерация завершена успешно
2026-03-08 01:41:07,214 - __main__ - INFO - Сгенерировано: {'stores': 45, 'products': 50, 'customers': 45, 'purchases': 200}
2026-03-08 19:56:49,445 - __main__ - INFO - Старт генерации синтетических данных
2026-03-08 19:56:49,445 - __main__ - INFO - Директория вывода: data
2026-03-08 19:56:49,446 - __main__ - INFO - Количество магазинов: 45 (по умолчанию)
2026-03-08 19:56:49,446 - __main__ - INFO - Количество товаров: 50 (по умолчанию)
2026-03-08 19:56:49,446 - __main__ - INFO - Количество покупателей: = магазинам (по умолчанию)
2026-03-08 19:56:49,447 - __main__ - INFO - Количество покупок: 200
2026-03-08 19:56:50,039 - __main__ - INFO - Генерация завершена успешно
2026-03-08 19:56:50,040 - __main__ - INFO - Сгенерировано: {'stores': 45, 'products': 50, 'customers': 45, 'purchases': 200}
2026-03-09 17:21:06,162 - __main__ - INFO - Старт генерации синтетических данных
2026-03-09 17:21:06,162 - __main__ - INFO - Директория вывода: /opt/airflow/data
2026-03-09 17:21:06,163 - __main__ - INFO - Количество магазинов: 45 (по умолчанию)
2026-03-09 17:21:06,163 - __main__ - INFO - Количество товаров: 50 (по умолчанию)
2026-03-09 17:21:06,163 - __main__ - INFO - Количество покупателей: = магазинам (по умолчанию)
2026-03-09 17:21:06,164 - __main__ - INFO - Количество покупок: 200
2026-03-09 17:21:10,668 - __main__ - INFO - Генерация завершена успешно
2026-03-09 17:21:10,668 - __main__ - INFO - Сгенерировано: {'stores': 45, 'products': 50, 'customers': 45, 'purchases': 200}
