2026-03-08 00:02:00,328 - __main__ - INFO - ======================================================================
2026-03-08 00:02:00,329 - __main__ - INFO - 🏛 ПОДКЛЮЧЕНИЕ К CLICKHOUSE: localhost:9000
2026-03-08 00:02:00,329 - __main__ - INFO - ======================================================================
2026-03-08 00:02:00,383 - __main__ - INFO - ✓ Подключение успешно
2026-03-08 00:02:00,383 - __main__ - INFO - 
======================================================================
2026-03-08 00:02:00,384 - __main__ - INFO - 📦 СОЗДАНИЕ RAW-СЛОЯ
2026-03-08 00:02:00,384 - __main__ - INFO - ======================================================================
2026-03-08 00:02:00,384 - __main__ - INFO - 📊 CREATE DATABASE IF NOT EXISTS raw
2026-03-08 00:02:00,439 - __main__ - INFO - 📄 Чтение файла: 00_create_raw_tables.sql
2026-03-08 00:02:00,707 - __main__ - INFO -   ✅ Выполнено 5 SQL-операций
2026-03-08 00:02:00,707 - __main__ - INFO - ✅ RAW-слой успешно создан
2026-03-08 00:02:00,708 - __main__ - INFO - 
======================================================================
2026-03-08 00:02:00,708 - __main__ - INFO - 📦 СОЗДАНИЕ MART-СЛОЯ
2026-03-08 00:02:00,709 - __main__ - INFO - ======================================================================
2026-03-08 00:02:00,709 - __main__ - INFO - 📊 CREATE DATABASE IF NOT EXISTS mart
2026-03-08 00:02:00,762 - __main__ - INFO - 📄 Чтение файла: 01_create_mart_database.sql
2026-03-08 00:02:01,306 - __main__ - INFO -   ✅ Выполнено 10 SQL-операций
2026-03-08 00:02:01,306 - __main__ - INFO - 📄 Чтение файла: 02_create_materialized_views.sql
2026-03-08 00:02:01,910 - __main__ - INFO -   ✅ Выполнено 9 SQL-операций
2026-03-08 00:02:01,911 - __main__ - INFO - 📄 Чтение файла: 03_create_customer_features_table.sql
2026-03-08 00:02:02,072 - __main__ - INFO -   ✅ Выполнено 3 SQL-операций
2026-03-08 00:02:02,073 - __main__ - INFO - ✅ MART-слой успешно создан
2026-03-08 00:02:02,073 - __main__ - INFO - 
======================================================================
2026-03-08 00:02:02,073 - __main__ - INFO - 📊 ИТОГИ ИНИЦИАЛИЗАЦИИ
2026-03-08 00:02:02,073 - __main__ - INFO - ======================================================================
2026-03-08 00:02:02,074 - __main__ - INFO - 
📁 RAW-слой (raw):
2026-03-08 00:02:02,168 - __main__ - INFO -   ✓ customers (0 строк)
2026-03-08 00:02:02,216 - __main__ - INFO -   ✓ products (0 строк)
2026-03-08 00:02:02,268 - __main__ - INFO -   ✓ purchases (0 строк)
2026-03-08 00:02:02,317 - __main__ - INFO -   ✓ stores (0 строк)
2026-03-08 00:02:02,317 - __main__ - INFO - 
📁 MART-слой (mart):
2026-03-08 00:02:02,413 - __main__ - INFO -   ✓ customer_features_mart (0 строк)
2026-03-08 00:02:02,460 - __main__ - INFO -   ✓ dim_customer (0 строк)
2026-03-08 00:02:02,508 - __main__ - INFO -   ✓ dim_date (0 строк)
2026-03-08 00:02:02,560 - __main__ - INFO -   ✓ dim_delivery_address (0 строк)
2026-03-08 00:02:02,609 - __main__ - INFO -   ✓ dim_manufacturer (0 строк)
2026-03-08 00:02:02,656 - __main__ - INFO -   ✓ dim_product (0 строк)
2026-03-08 00:02:02,703 - __main__ - INFO -   ✓ dim_store (0 строк)
2026-03-08 00:02:02,749 - __main__ - INFO -   ✓ dim_store_location (0 строк)
2026-03-08 00:02:02,797 - __main__ - INFO -   ✓ fact_purchase_items (0 строк)
2026-03-08 00:02:02,844 - __main__ - INFO -   ✓ fact_purchases (0 строк)
2026-03-08 00:02:02,892 - __main__ - INFO -   ✓ mv_dim_customer (0 строк)
2026-03-08 00:02:02,941 - __main__ - INFO -   ✓ mv_dim_date (0 строк)
2026-03-08 00:02:02,989 - __main__ - INFO -   ✓ mv_dim_delivery_address_from_customers (0 строк)
2026-03-08 00:02:03,036 - __main__ - INFO -   ✓ mv_dim_manufacturer_from_products (0 строк)
2026-03-08 00:02:03,084 - __main__ - INFO -   ✓ mv_dim_product (0 строк)
2026-03-08 00:02:03,133 - __main__ - INFO -   ✓ mv_dim_store (0 строк)
2026-03-08 00:02:03,181 - __main__ - INFO -   ✓ mv_dim_store_location_from_stores (0 строк)
2026-03-08 00:02:03,228 - __main__ - INFO -   ✓ mv_fact_purchase_items (0 строк)
2026-03-08 00:02:03,277 - __main__ - INFO -   ✓ mv_fact_purchases (0 строк)
2026-03-08 00:02:03,278 - __main__ - INFO - 
======================================================================
2026-03-08 00:02:03,278 - __main__ - INFO - 
✅ Инициализация ClickHouse завершена!
2026-03-08 00:23:20,037 - __main__ - INFO - ======================================================================
2026-03-08 00:23:20,038 - __main__ - INFO - 🏛 ПОДКЛЮЧЕНИЕ К CLICKHOUSE: localhost:9000
2026-03-08 00:23:20,038 - __main__ - INFO - ======================================================================
2026-03-08 00:23:20,094 - __main__ - INFO - ✓ Подключение успешно
2026-03-08 00:23:20,094 - __main__ - INFO - 
======================================================================
2026-03-08 00:23:20,094 - __main__ - INFO - 📦 СОЗДАНИЕ RAW-СЛОЯ
2026-03-08 00:23:20,095 - __main__ - INFO - ======================================================================
2026-03-08 00:23:20,095 - __main__ - INFO - 📊 CREATE DATABASE IF NOT EXISTS raw
2026-03-08 00:23:20,141 - __main__ - INFO - 📄 Чтение файла: 00_create_raw_tables.sql
2026-03-08 00:23:20,399 - __main__ - INFO -   ✅ Выполнено 5 SQL-операций
2026-03-08 00:23:20,399 - __main__ - INFO - ✅ RAW-слой успешно создан
2026-03-08 00:23:20,399 - __main__ - INFO - 
======================================================================
2026-03-08 00:23:20,400 - __main__ - INFO - 📦 СОЗДАНИЕ MART-СЛОЯ
2026-03-08 00:23:20,400 - __main__ - INFO - ======================================================================
2026-03-08 00:23:20,400 - __main__ - INFO - 📊 CREATE DATABASE IF NOT EXISTS mart
2026-03-08 00:23:20,449 - __main__ - INFO - 📄 Чтение файла: 01_create_mart_database.sql
2026-03-08 00:23:20,971 - __main__ - INFO -   ✅ Выполнено 10 SQL-операций
2026-03-08 00:23:20,972 - __main__ - INFO - 📄 Чтение файла: 02_create_materialized_views.sql
2026-03-08 00:23:21,508 - __main__ - INFO -   ✅ Выполнено 9 SQL-операций
2026-03-08 00:23:21,508 - __main__ - INFO - 📄 Чтение файла: 03_create_customer_features_table.sql
2026-03-08 00:23:21,665 - __main__ - INFO -   ✅ Выполнено 3 SQL-операций
2026-03-08 00:23:21,665 - __main__ - INFO - ✅ MART-слой успешно создан
2026-03-08 00:23:21,666 - __main__ - INFO - 
======================================================================
2026-03-08 00:23:21,666 - __main__ - INFO - 📊 ИТОГИ ИНИЦИАЛИЗАЦИИ
2026-03-08 00:23:21,667 - __main__ - INFO - ======================================================================
2026-03-08 00:23:21,667 - __main__ - INFO - 
📁 RAW-слой (raw):
2026-03-08 00:23:21,763 - __main__ - INFO -   ✓ customers (0 строк)
2026-03-08 00:23:21,806 - __main__ - INFO -   ✓ products (0 строк)
2026-03-08 00:23:21,850 - __main__ - INFO -   ✓ purchases (0 строк)
2026-03-08 00:23:21,895 - __main__ - INFO -   ✓ stores (0 строк)
2026-03-08 00:23:21,895 - __main__ - INFO - 
📁 MART-слой (mart):
2026-03-08 00:23:21,986 - __main__ - INFO -   ✓ customer_features_mart (0 строк)
2026-03-08 00:23:22,035 - __main__ - INFO -   ✓ dim_customer (0 строк)
2026-03-08 00:23:22,082 - __main__ - INFO -   ✓ dim_date (0 строк)
2026-03-08 00:23:22,134 - __main__ - INFO -   ✓ dim_delivery_address (0 строк)
2026-03-08 00:23:22,178 - __main__ - INFO -   ✓ dim_manufacturer (0 строк)
2026-03-08 00:23:22,226 - __main__ - INFO -   ✓ dim_product (0 строк)
2026-03-08 00:23:22,270 - __main__ - INFO -   ✓ dim_store (0 строк)
2026-03-08 00:23:22,315 - __main__ - INFO -   ✓ dim_store_location (0 строк)
2026-03-08 00:23:22,362 - __main__ - INFO -   ✓ fact_purchase_items (0 строк)
2026-03-08 00:23:22,406 - __main__ - INFO -   ✓ fact_purchases (0 строк)
2026-03-08 00:23:22,451 - __main__ - INFO -   ✓ mv_dim_customer (0 строк)
2026-03-08 00:23:22,499 - __main__ - INFO -   ✓ mv_dim_date (0 строк)
2026-03-08 00:23:22,551 - __main__ - INFO -   ✓ mv_dim_delivery_address_from_customers (0 строк)
2026-03-08 00:23:22,599 - __main__ - INFO -   ✓ mv_dim_manufacturer_from_products (0 строк)
2026-03-08 00:23:22,647 - __main__ - INFO -   ✓ mv_dim_product (0 строк)
2026-03-08 00:23:22,699 - __main__ - INFO -   ✓ mv_dim_store (0 строк)
2026-03-08 00:23:22,746 - __main__ - INFO -   ✓ mv_dim_store_location_from_stores (0 строк)
2026-03-08 00:23:22,794 - __main__ - INFO -   ✓ mv_fact_purchase_items (0 строк)
2026-03-08 00:23:22,843 - __main__ - INFO -   ✓ mv_fact_purchases (0 строк)
2026-03-08 00:23:22,843 - __main__ - INFO - 
======================================================================
2026-03-08 00:23:22,843 - __main__ - INFO - 
✅ Инициализация ClickHouse завершена!
2026-03-08 00:34:01,883 - __main__ - INFO - ======================================================================
2026-03-08 00:34:01,883 - __main__ - INFO - 🏛 ПОДКЛЮЧЕНИЕ К CLICKHOUSE: localhost:9000
2026-03-08 00:34:01,883 - __main__ - INFO - ======================================================================
2026-03-08 00:34:01,938 - __main__ - INFO - ✓ Подключение успешно
2026-03-08 00:34:01,939 - __main__ - INFO - 
======================================================================
2026-03-08 00:34:01,939 - __main__ - INFO - 📦 СОЗДАНИЕ RAW-СЛОЯ
2026-03-08 00:34:01,939 - __main__ - INFO - ======================================================================
2026-03-08 00:34:01,940 - __main__ - INFO - 📊 CREATE DATABASE IF NOT EXISTS raw
2026-03-08 00:34:01,993 - __main__ - INFO - 📄 Чтение файла: 00_create_raw_tables.sql
2026-03-08 00:34:02,266 - __main__ - INFO -   ✅ Выполнено 5 SQL-операций
2026-03-08 00:34:02,266 - __main__ - INFO - ✅ RAW-слой успешно создан
2026-03-08 00:34:02,266 - __main__ - INFO - 
======================================================================
2026-03-08 00:34:02,266 - __main__ - INFO - 📦 СОЗДАНИЕ MART-СЛОЯ
2026-03-08 00:34:02,267 - __main__ - INFO - ======================================================================
2026-03-08 00:34:02,267 - __main__ - INFO - 📊 CREATE DATABASE IF NOT EXISTS mart
2026-03-08 00:34:02,313 - __main__ - INFO - 📄 Чтение файла: 01_create_mart_database.sql
2026-03-08 00:34:02,837 - __main__ - INFO -   ✅ Выполнено 10 SQL-операций
2026-03-08 00:34:02,838 - __main__ - INFO - 📄 Чтение файла: 02_create_materialized_views.sql
2026-03-08 00:34:03,381 - __main__ - INFO -   ✅ Выполнено 9 SQL-операций
2026-03-08 00:34:03,381 - __main__ - INFO - 📄 Чтение файла: 03_create_customer_features_table.sql
2026-03-08 00:34:03,533 - __main__ - INFO -   ✅ Выполнено 3 SQL-операций
2026-03-08 00:34:03,534 - __main__ - INFO - ✅ MART-слой успешно создан
2026-03-08 00:34:03,534 - __main__ - INFO - 
======================================================================
2026-03-08 00:34:03,534 - __main__ - INFO - 📊 ИТОГИ ИНИЦИАЛИЗАЦИИ
2026-03-08 00:34:03,535 - __main__ - INFO - ======================================================================
2026-03-08 00:34:03,536 - __main__ - INFO - 
📁 RAW-слой (raw):
2026-03-08 00:34:03,629 - __main__ - INFO -   ✓ customers (0 строк)
2026-03-08 00:34:03,675 - __main__ - INFO -   ✓ products (0 строк)
2026-03-08 00:34:03,722 - __main__ - INFO -   ✓ purchases (0 строк)
2026-03-08 00:34:03,771 - __main__ - INFO -   ✓ stores (0 строк)
2026-03-08 00:34:03,771 - __main__ - INFO - 
📁 MART-слой (mart):
2026-03-08 00:34:03,866 - __main__ - INFO -   ✓ customer_features_mart (0 строк)
2026-03-08 00:34:03,914 - __main__ - INFO -   ✓ dim_customer (0 строк)
2026-03-08 00:34:03,962 - __main__ - INFO -   ✓ dim_date (0 строк)
2026-03-08 00:34:04,010 - __main__ - INFO -   ✓ dim_delivery_address (0 строк)
2026-03-08 00:34:04,063 - __main__ - INFO -   ✓ dim_manufacturer (0 строк)
2026-03-08 00:34:04,110 - __main__ - INFO -   ✓ dim_product (0 строк)
2026-03-08 00:34:04,159 - __main__ - INFO -   ✓ dim_store (0 строк)
2026-03-08 00:34:04,210 - __main__ - INFO -   ✓ dim_store_location (0 строк)
2026-03-08 00:34:04,262 - __main__ - INFO -   ✓ fact_purchase_items (0 строк)
2026-03-08 00:34:04,311 - __main__ - INFO -   ✓ fact_purchases (0 строк)
2026-03-08 00:34:04,359 - __main__ - INFO -   ✓ mv_dim_customer (0 строк)
2026-03-08 00:34:04,407 - __main__ - INFO -   ✓ mv_dim_date (0 строк)
2026-03-08 00:34:04,457 - __main__ - INFO -   ✓ mv_dim_delivery_address_from_customers (0 строк)
2026-03-08 00:34:04,503 - __main__ - INFO -   ✓ mv_dim_manufacturer_from_products (0 строк)
2026-03-08 00:34:04,553 - __main__ - INFO -   ✓ mv_dim_product (0 строк)
2026-03-08 00:34:04,599 - __main__ - INFO -   ✓ mv_dim_store (0 строк)
2026-03-08 00:34:04,647 - __main__ - INFO -   ✓ mv_dim_store_location_from_stores (0 строк)
2026-03-08 00:34:04,694 - __main__ - INFO -   ✓ mv_fact_purchase_items (0 строк)
2026-03-08 00:34:04,738 - __main__ - INFO -   ✓ mv_fact_purchases (0 строк)
2026-03-08 00:34:04,739 - __main__ - INFO - 
======================================================================
2026-03-08 00:34:04,739 - __main__ - INFO - 
✅ Инициализация ClickHouse завершена!
2026-03-08 00:45:35,595 - __main__ - INFO - ======================================================================
2026-03-08 00:45:35,595 - __main__ - INFO - 🏛 ПОДКЛЮЧЕНИЕ К CLICKHOUSE: localhost:9000
2026-03-08 00:45:35,596 - __main__ - INFO - ======================================================================
2026-03-08 00:45:35,661 - __main__ - INFO - ✓ Подключение успешно
2026-03-08 00:45:35,662 - __main__ - INFO - 
======================================================================
2026-03-08 00:45:35,662 - __main__ - INFO - 📦 СОЗДАНИЕ RAW-СЛОЯ
2026-03-08 00:45:35,663 - __main__ - INFO - ======================================================================
2026-03-08 00:45:35,663 - __main__ - INFO - 📊 CREATE DATABASE IF NOT EXISTS raw
2026-03-08 00:45:35,714 - __main__ - INFO - 📄 Чтение файла: 00_create_raw_tables.sql
2026-03-08 00:45:35,973 - __main__ - INFO -   ✅ Выполнено 5 SQL-операций
2026-03-08 00:45:35,973 - __main__ - INFO - ✅ RAW-слой успешно создан
2026-03-08 00:45:35,974 - __main__ - INFO - 
======================================================================
2026-03-08 00:45:35,974 - __main__ - INFO - 📦 СОЗДАНИЕ MART-СЛОЯ
2026-03-08 00:45:35,974 - __main__ - INFO - ======================================================================
2026-03-08 00:45:35,974 - __main__ - INFO - 📊 CREATE DATABASE IF NOT EXISTS mart
2026-03-08 00:45:36,027 - __main__ - INFO - 📄 Чтение файла: 01_create_mart_database.sql
2026-03-08 00:45:36,548 - __main__ - INFO -   ✅ Выполнено 10 SQL-операций
2026-03-08 00:45:36,549 - __main__ - INFO - 📄 Чтение файла: 02_create_materialized_views.sql
2026-03-08 00:45:37,101 - __main__ - INFO -   ✅ Выполнено 9 SQL-операций
2026-03-08 00:45:37,102 - __main__ - INFO - 📄 Чтение файла: 03_create_customer_features_table.sql
2026-03-08 00:45:37,252 - __main__ - INFO -   ✅ Выполнено 3 SQL-операций
2026-03-08 00:45:37,252 - __main__ - INFO - ✅ MART-слой успешно создан
2026-03-08 00:45:37,253 - __main__ - INFO - 
======================================================================
2026-03-08 00:45:37,253 - __main__ - INFO - 📊 ИТОГИ ИНИЦИАЛИЗАЦИИ
2026-03-08 00:45:37,253 - __main__ - INFO - ======================================================================
2026-03-08 00:45:37,253 - __main__ - INFO - 
📁 RAW-слой (raw):
2026-03-08 00:45:37,349 - __main__ - INFO -   ✓ customers (0 строк)
2026-03-08 00:45:37,397 - __main__ - INFO -   ✓ products (0 строк)
2026-03-08 00:45:37,445 - __main__ - INFO -   ✓ purchases (0 строк)
2026-03-08 00:45:37,493 - __main__ - INFO -   ✓ stores (0 строк)
2026-03-08 00:45:37,493 - __main__ - INFO - 
📁 MART-слой (mart):
2026-03-08 00:45:37,589 - __main__ - INFO -   ✓ customer_features_mart (0 строк)
2026-03-08 00:45:37,637 - __main__ - INFO -   ✓ dim_customer (0 строк)
2026-03-08 00:45:37,686 - __main__ - INFO -   ✓ dim_date (0 строк)
2026-03-08 00:45:37,733 - __main__ - INFO -   ✓ dim_delivery_address (0 строк)
2026-03-08 00:45:37,781 - __main__ - INFO -   ✓ dim_manufacturer (0 строк)
2026-03-08 00:45:37,830 - __main__ - INFO -   ✓ dim_product (0 строк)
2026-03-08 00:45:37,878 - __main__ - INFO -   ✓ dim_store (0 строк)
2026-03-08 00:45:37,925 - __main__ - INFO -   ✓ dim_store_location (0 строк)
2026-03-08 00:45:37,976 - __main__ - INFO -   ✓ fact_purchase_items (0 строк)
2026-03-08 00:45:38,026 - __main__ - INFO -   ✓ fact_purchases (0 строк)
2026-03-08 00:45:38,083 - __main__ - INFO -   ✓ mv_dim_customer (0 строк)
2026-03-08 00:45:38,130 - __main__ - INFO -   ✓ mv_dim_date (0 строк)
2026-03-08 00:45:38,185 - __main__ - INFO -   ✓ mv_dim_delivery_address_from_customers (0 строк)
2026-03-08 00:45:38,235 - __main__ - INFO -   ✓ mv_dim_manufacturer_from_products (0 строк)
2026-03-08 00:45:38,287 - __main__ - INFO -   ✓ mv_dim_product (0 строк)
2026-03-08 00:45:38,339 - __main__ - INFO -   ✓ mv_dim_store (0 строк)
2026-03-08 00:45:38,387 - __main__ - INFO -   ✓ mv_dim_store_location_from_stores (0 строк)
2026-03-08 00:45:38,440 - __main__ - INFO -   ✓ mv_fact_purchase_items (0 строк)
2026-03-08 00:45:38,487 - __main__ - INFO -   ✓ mv_fact_purchases (0 строк)
2026-03-08 00:45:38,488 - __main__ - INFO - 
======================================================================
2026-03-08 00:45:38,488 - __main__ - INFO - 
✅ Инициализация ClickHouse завершена!
2026-03-08 01:10:10,013 - __main__ - INFO - ======================================================================
2026-03-08 01:10:10,014 - __main__ - INFO - 🏛 ПОДКЛЮЧЕНИЕ К CLICKHOUSE: localhost:9000
2026-03-08 01:10:10,014 - __main__ - INFO - ======================================================================
2026-03-08 01:10:10,070 - __main__ - INFO - ✓ Подключение успешно
2026-03-08 01:10:10,071 - __main__ - INFO - 
======================================================================
2026-03-08 01:10:10,071 - __main__ - INFO - 📦 СОЗДАНИЕ RAW-СЛОЯ
2026-03-08 01:10:10,071 - __main__ - INFO - ======================================================================
2026-03-08 01:10:10,071 - __main__ - INFO - 📊 CREATE DATABASE IF NOT EXISTS raw
2026-03-08 01:10:10,122 - __main__ - INFO - 📄 Чтение файла: 00_create_raw_tables.sql
2026-03-08 01:10:10,384 - __main__ - INFO -   ✅ Выполнено 5 SQL-операций
2026-03-08 01:10:10,384 - __main__ - INFO - ✅ RAW-слой успешно создан
2026-03-08 01:10:10,384 - __main__ - INFO - 
======================================================================
2026-03-08 01:10:10,384 - __main__ - INFO - 📦 СОЗДАНИЕ MART-СЛОЯ
2026-03-08 01:10:10,385 - __main__ - INFO - ======================================================================
2026-03-08 01:10:10,385 - __main__ - INFO - 📊 CREATE DATABASE IF NOT EXISTS mart
2026-03-08 01:10:10,433 - __main__ - INFO - 📄 Чтение файла: 01_create_mart_database.sql
2026-03-08 01:10:10,989 - __main__ - INFO -   ✅ Выполнено 10 SQL-операций
2026-03-08 01:10:10,989 - __main__ - INFO - 📄 Чтение файла: 02_create_materialized_views.sql
2026-03-08 01:10:11,655 - __main__ - INFO -   ✅ Выполнено 9 SQL-операций
2026-03-08 01:10:11,655 - __main__ - INFO - 📄 Чтение файла: 03_create_customer_features_table.sql
2026-03-08 01:10:11,831 - __main__ - INFO -   ✅ Выполнено 3 SQL-операций
2026-03-08 01:10:11,832 - __main__ - INFO - ✅ MART-слой успешно создан
2026-03-08 01:10:11,832 - __main__ - INFO - 
======================================================================
2026-03-08 01:10:11,832 - __main__ - INFO - 📊 ИТОГИ ИНИЦИАЛИЗАЦИИ
2026-03-08 01:10:11,833 - __main__ - INFO - ======================================================================
2026-03-08 01:10:11,833 - __main__ - INFO - 
📁 RAW-слой (raw):
2026-03-08 01:10:11,941 - __main__ - INFO -   ✓ customers (0 строк)
2026-03-08 01:10:12,013 - __main__ - INFO -   ✓ products (0 строк)
2026-03-08 01:10:12,069 - __main__ - INFO -   ✓ purchases (0 строк)
2026-03-08 01:10:12,119 - __main__ - INFO -   ✓ stores (0 строк)
2026-03-08 01:10:12,119 - __main__ - INFO - 
📁 MART-слой (mart):
2026-03-08 01:10:12,216 - __main__ - INFO -   ✓ customer_features_mart (0 строк)
2026-03-08 01:10:12,266 - __main__ - INFO -   ✓ dim_customer (0 строк)
2026-03-08 01:10:12,319 - __main__ - INFO -   ✓ dim_date (0 строк)
2026-03-08 01:10:12,367 - __main__ - INFO -   ✓ dim_delivery_address (0 строк)
2026-03-08 01:10:12,419 - __main__ - INFO -   ✓ dim_manufacturer (0 строк)
2026-03-08 01:10:12,466 - __main__ - INFO -   ✓ dim_product (0 строк)
2026-03-08 01:10:12,513 - __main__ - INFO -   ✓ dim_store (0 строк)
2026-03-08 01:10:12,564 - __main__ - INFO -   ✓ dim_store_location (0 строк)
2026-03-08 01:10:12,612 - __main__ - INFO -   ✓ fact_purchase_items (0 строк)
2026-03-08 01:10:12,663 - __main__ - INFO -   ✓ fact_purchases (0 строк)
2026-03-08 01:10:12,721 - __main__ - INFO -   ✓ mv_dim_customer (0 строк)
2026-03-08 01:10:12,781 - __main__ - INFO -   ✓ mv_dim_date (0 строк)
2026-03-08 01:10:12,840 - __main__ - INFO -   ✓ mv_dim_delivery_address_from_customers (0 строк)
2026-03-08 01:10:12,890 - __main__ - INFO -   ✓ mv_dim_manufacturer_from_products (0 строк)
2026-03-08 01:10:12,941 - __main__ - INFO -   ✓ mv_dim_product (0 строк)
2026-03-08 01:10:12,997 - __main__ - INFO -   ✓ mv_dim_store (0 строк)
2026-03-08 01:10:13,052 - __main__ - INFO -   ✓ mv_dim_store_location_from_stores (0 строк)
2026-03-08 01:10:13,101 - __main__ - INFO -   ✓ mv_fact_purchase_items (0 строк)
2026-03-08 01:10:13,152 - __main__ - INFO -   ✓ mv_fact_purchases (0 строк)
2026-03-08 01:10:13,153 - __main__ - INFO - 
======================================================================
2026-03-08 01:10:13,153 - __main__ - INFO - 
✅ Инициализация ClickHouse завершена!
2026-03-08 01:23:04,619 - __main__ - INFO - ======================================================================
2026-03-08 01:23:04,620 - __main__ - INFO - 🏛 ПОДКЛЮЧЕНИЕ К CLICKHOUSE: localhost:9000
2026-03-08 01:23:04,620 - __main__ - INFO - ======================================================================
2026-03-08 01:23:04,676 - __main__ - INFO - ✓ Подключение успешно
2026-03-08 01:23:04,676 - __main__ - INFO - 
======================================================================
2026-03-08 01:23:04,676 - __main__ - INFO - 📦 СОЗДАНИЕ RAW-СЛОЯ
2026-03-08 01:23:04,676 - __main__ - INFO - ======================================================================
2026-03-08 01:23:04,677 - __main__ - INFO - 📊 CREATE DATABASE IF NOT EXISTS raw
2026-03-08 01:23:04,773 - __main__ - INFO - 📄 Чтение файла: 00_create_raw_tables.sql
2026-03-08 01:23:05,027 - __main__ - INFO -   ✅ Выполнено 5 SQL-операций
2026-03-08 01:23:05,028 - __main__ - INFO - ✅ RAW-слой успешно создан
2026-03-08 01:23:05,028 - __main__ - INFO - 
======================================================================
2026-03-08 01:23:05,028 - __main__ - INFO - 📦 СОЗДАНИЕ MART-СЛОЯ
2026-03-08 01:23:05,029 - __main__ - INFO - ======================================================================
2026-03-08 01:23:05,029 - __main__ - INFO - 📊 CREATE DATABASE IF NOT EXISTS mart
2026-03-08 01:23:05,079 - __main__ - INFO - 📄 Чтение файла: 01_create_mart_database.sql
2026-03-08 01:23:05,614 - __main__ - INFO -   ✅ Выполнено 10 SQL-операций
2026-03-08 01:23:05,615 - __main__ - INFO - 📄 Чтение файла: 02_create_materialized_views.sql
2026-03-08 01:23:06,124 - __main__ - INFO -   ✅ Выполнено 9 SQL-операций
2026-03-08 01:23:06,125 - __main__ - INFO - 📄 Чтение файла: 03_create_customer_features_table.sql
2026-03-08 01:23:06,283 - __main__ - INFO -   ✅ Выполнено 3 SQL-операций
2026-03-08 01:23:06,284 - __main__ - INFO - ✅ MART-слой успешно создан
2026-03-08 01:23:06,285 - __main__ - INFO - 
======================================================================
2026-03-08 01:23:06,285 - __main__ - INFO - 📊 ИТОГИ ИНИЦИАЛИЗАЦИИ
2026-03-08 01:23:06,286 - __main__ - INFO - ======================================================================
2026-03-08 01:23:06,287 - __main__ - INFO - 
📁 RAW-слой (raw):
2026-03-08 01:23:06,387 - __main__ - INFO -   ✓ customers (0 строк)
2026-03-08 01:23:06,436 - __main__ - INFO -   ✓ products (0 строк)
2026-03-08 01:23:06,484 - __main__ - INFO -   ✓ purchases (0 строк)
2026-03-08 01:23:06,532 - __main__ - INFO -   ✓ stores (0 строк)
2026-03-08 01:23:06,532 - __main__ - INFO - 
📁 MART-слой (mart):
2026-03-08 01:23:06,627 - __main__ - INFO -   ✓ customer_features_mart (0 строк)
2026-03-08 01:23:06,675 - __main__ - INFO -   ✓ dim_customer (0 строк)
2026-03-08 01:23:06,722 - __main__ - INFO -   ✓ dim_date (0 строк)
2026-03-08 01:23:06,767 - __main__ - INFO -   ✓ dim_delivery_address (0 строк)
2026-03-08 01:23:06,815 - __main__ - INFO -   ✓ dim_manufacturer (0 строк)
2026-03-08 01:23:06,859 - __main__ - INFO -   ✓ dim_product (0 строк)
2026-03-08 01:23:06,904 - __main__ - INFO -   ✓ dim_store (0 строк)
2026-03-08 01:23:06,952 - __main__ - INFO -   ✓ dim_store_location (0 строк)
2026-03-08 01:23:06,999 - __main__ - INFO -   ✓ fact_purchase_items (0 строк)
2026-03-08 01:23:07,046 - __main__ - INFO -   ✓ fact_purchases (0 строк)
2026-03-08 01:23:07,092 - __main__ - INFO -   ✓ mv_dim_customer (0 строк)
2026-03-08 01:23:07,140 - __main__ - INFO -   ✓ mv_dim_date (0 строк)
2026-03-08 01:23:07,188 - __main__ - INFO -   ✓ mv_dim_delivery_address_from_customers (0 строк)
2026-03-08 01:23:07,236 - __main__ - INFO -   ✓ mv_dim_manufacturer_from_products (0 строк)
2026-03-08 01:23:07,283 - __main__ - INFO -   ✓ mv_dim_product (0 строк)
2026-03-08 01:23:07,332 - __main__ - INFO -   ✓ mv_dim_store (0 строк)
2026-03-08 01:23:07,384 - __main__ - INFO -   ✓ mv_dim_store_location_from_stores (0 строк)
2026-03-08 01:23:07,432 - __main__ - INFO -   ✓ mv_fact_purchase_items (0 строк)
2026-03-08 01:23:07,480 - __main__ - INFO -   ✓ mv_fact_purchases (0 строк)
2026-03-08 01:23:07,480 - __main__ - INFO - 
======================================================================
2026-03-08 01:23:07,480 - __main__ - INFO - 
✅ Инициализация ClickHouse завершена!
2026-03-08 01:44:12,793 - __main__ - INFO - ======================================================================
2026-03-08 01:44:12,793 - __main__ - INFO - 🏛 ПОДКЛЮЧЕНИЕ К CLICKHOUSE: localhost:9000
2026-03-08 01:44:12,794 - __main__ - INFO - ======================================================================
2026-03-08 01:44:12,860 - __main__ - INFO - ✓ Подключение успешно
2026-03-08 01:44:12,861 - __main__ - INFO - 
======================================================================
2026-03-08 01:44:12,861 - __main__ - INFO - 📦 СОЗДАНИЕ RAW-СЛОЯ
2026-03-08 01:44:12,862 - __main__ - INFO - ======================================================================
2026-03-08 01:44:12,863 - __main__ - INFO - 📊 CREATE DATABASE IF NOT EXISTS raw
2026-03-08 01:44:12,927 - __main__ - INFO - 📄 Чтение файла: 00_create_raw_tables.sql
2026-03-08 01:44:13,215 - __main__ - INFO -   ✅ Выполнено 5 SQL-операций
2026-03-08 01:44:13,215 - __main__ - INFO - ✅ RAW-слой успешно создан
2026-03-08 01:44:13,216 - __main__ - INFO - 
======================================================================
2026-03-08 01:44:13,217 - __main__ - INFO - 📦 СОЗДАНИЕ MART-СЛОЯ
2026-03-08 01:44:13,217 - __main__ - INFO - ======================================================================
2026-03-08 01:44:13,218 - __main__ - INFO - 📊 CREATE DATABASE IF NOT EXISTS mart
2026-03-08 01:44:13,272 - __main__ - INFO - 📄 Чтение файла: 01_create_mart_database.sql
2026-03-08 01:44:13,897 - __main__ - INFO -   ✅ Выполнено 10 SQL-операций
2026-03-08 01:44:13,898 - __main__ - INFO - 📄 Чтение файла: 02_create_materialized_views.sql
2026-03-08 01:44:14,422 - __main__ - INFO -   ✅ Выполнено 9 SQL-операций
2026-03-08 01:44:14,423 - __main__ - INFO - 📄 Чтение файла: 03_create_customer_features_table.sql
2026-03-08 01:44:14,571 - __main__ - INFO -   ✅ Выполнено 3 SQL-операций
2026-03-08 01:44:14,572 - __main__ - INFO - ✅ MART-слой успешно создан
2026-03-08 01:44:14,572 - __main__ - INFO - 
======================================================================
2026-03-08 01:44:14,572 - __main__ - INFO - 📊 ИТОГИ ИНИЦИАЛИЗАЦИИ
2026-03-08 01:44:14,573 - __main__ - INFO - ======================================================================
2026-03-08 01:44:14,573 - __main__ - INFO - 
📁 RAW-слой (raw):
2026-03-08 01:44:14,668 - __main__ - INFO -   ✓ customers (0 строк)
2026-03-08 01:44:14,716 - __main__ - INFO -   ✓ products (0 строк)
2026-03-08 01:44:14,760 - __main__ - INFO -   ✓ purchases (0 строк)
2026-03-08 01:44:14,804 - __main__ - INFO -   ✓ stores (0 строк)
2026-03-08 01:44:14,804 - __main__ - INFO - 
📁 MART-слой (mart):
2026-03-08 01:44:14,899 - __main__ - INFO -   ✓ customer_features_mart (0 строк)
2026-03-08 01:44:14,943 - __main__ - INFO -   ✓ dim_customer (0 строк)
2026-03-08 01:44:14,988 - __main__ - INFO -   ✓ dim_date (0 строк)
2026-03-08 01:44:15,031 - __main__ - INFO -   ✓ dim_delivery_address (0 строк)
2026-03-08 01:44:15,075 - __main__ - INFO -   ✓ dim_manufacturer (0 строк)
2026-03-08 01:44:15,120 - __main__ - INFO -   ✓ dim_product (0 строк)
2026-03-08 01:44:15,169 - __main__ - INFO -   ✓ dim_store (0 строк)
2026-03-08 01:44:15,215 - __main__ - INFO -   ✓ dim_store_location (0 строк)
2026-03-08 01:44:15,259 - __main__ - INFO -   ✓ fact_purchase_items (0 строк)
2026-03-08 01:44:15,303 - __main__ - INFO -   ✓ fact_purchases (0 строк)
2026-03-08 01:44:15,353 - __main__ - INFO -   ✓ mv_dim_customer (0 строк)
2026-03-08 01:44:15,401 - __main__ - INFO -   ✓ mv_dim_date (0 строк)
2026-03-08 01:44:15,449 - __main__ - INFO -   ✓ mv_dim_delivery_address_from_customers (0 строк)
2026-03-08 01:44:15,496 - __main__ - INFO -   ✓ mv_dim_manufacturer_from_products (0 строк)
2026-03-08 01:44:15,544 - __main__ - INFO -   ✓ mv_dim_product (0 строк)
2026-03-08 01:44:15,592 - __main__ - INFO -   ✓ mv_dim_store (0 строк)
2026-03-08 01:44:15,640 - __main__ - INFO -   ✓ mv_dim_store_location_from_stores (0 строк)
2026-03-08 01:44:15,688 - __main__ - INFO -   ✓ mv_fact_purchase_items (0 строк)
2026-03-08 01:44:15,736 - __main__ - INFO -   ✓ mv_fact_purchases (0 строк)
2026-03-08 01:44:15,736 - __main__ - INFO - 
======================================================================
2026-03-08 01:44:15,737 - __main__ - INFO - 
✅ Инициализация ClickHouse завершена!
2026-03-08 19:55:54,333 - __main__ - INFO - ======================================================================
2026-03-08 19:55:54,333 - __main__ - INFO - 🏛 ПОДКЛЮЧЕНИЕ К CLICKHOUSE: localhost:9000
2026-03-08 19:55:54,334 - __main__ - INFO - ======================================================================
2026-03-08 19:55:54,394 - __main__ - INFO - ✓ Подключение успешно
2026-03-08 19:55:54,395 - __main__ - INFO - 
======================================================================
2026-03-08 19:55:54,395 - __main__ - INFO - 📦 СОЗДАНИЕ RAW-СЛОЯ
2026-03-08 19:55:54,395 - __main__ - INFO - ======================================================================
2026-03-08 19:55:54,396 - __main__ - INFO - 📊 CREATE DATABASE IF NOT EXISTS raw
2026-03-08 19:55:54,484 - __main__ - INFO - 📄 Чтение файла: 00_create_raw_tables.sql
2026-03-08 19:55:54,750 - __main__ - INFO -   ✅ Выполнено 5 SQL-операций
2026-03-08 19:55:54,750 - __main__ - INFO - ✅ RAW-слой успешно создан
2026-03-08 19:55:54,750 - __main__ - INFO - 
======================================================================
2026-03-08 19:55:54,750 - __main__ - INFO - 📦 СОЗДАНИЕ MART-СЛОЯ
2026-03-08 19:55:54,751 - __main__ - INFO - ======================================================================
2026-03-08 19:55:54,751 - __main__ - INFO - 📊 CREATE DATABASE IF NOT EXISTS mart
2026-03-08 19:55:54,800 - __main__ - INFO - 📄 Чтение файла: 01_create_mart_database.sql
2026-03-08 19:55:55,328 - __main__ - INFO -   ✅ Выполнено 10 SQL-операций
2026-03-08 19:55:55,329 - __main__ - INFO - 📄 Чтение файла: 02_create_materialized_views.sql
2026-03-08 19:55:55,886 - __main__ - INFO -   ✅ Выполнено 9 SQL-операций
2026-03-08 19:55:55,887 - __main__ - INFO - 📄 Чтение файла: 03_create_customer_features_table.sql
2026-03-08 19:55:56,070 - __main__ - INFO -   ✅ Выполнено 3 SQL-операций
2026-03-08 19:55:56,070 - __main__ - INFO - ✅ MART-слой успешно создан
2026-03-08 19:55:56,071 - __main__ - INFO - 
======================================================================
2026-03-08 19:55:56,071 - __main__ - INFO - 📊 ИТОГИ ИНИЦИАЛИЗАЦИИ
2026-03-08 19:55:56,072 - __main__ - INFO - ======================================================================
2026-03-08 19:55:56,072 - __main__ - INFO - 
📁 RAW-слой (raw):
2026-03-08 19:55:56,168 - __main__ - INFO -   ✓ customers (0 строк)
2026-03-08 19:55:56,221 - __main__ - INFO -   ✓ products (0 строк)
2026-03-08 19:55:56,269 - __main__ - INFO -   ✓ purchases (0 строк)
2026-03-08 19:55:56,313 - __main__ - INFO -   ✓ stores (0 строк)
2026-03-08 19:55:56,314 - __main__ - INFO - 
📁 MART-слой (mart):
2026-03-08 19:55:56,409 - __main__ - INFO -   ✓ customer_features_mart (0 строк)
2026-03-08 19:55:56,457 - __main__ - INFO -   ✓ dim_customer (0 строк)
2026-03-08 19:55:56,501 - __main__ - INFO -   ✓ dim_date (0 строк)
2026-03-08 19:55:56,546 - __main__ - INFO -   ✓ dim_delivery_address (0 строк)
2026-03-08 19:55:56,594 - __main__ - INFO -   ✓ dim_manufacturer (0 строк)
2026-03-08 19:55:56,641 - __main__ - INFO -   ✓ dim_product (0 строк)
2026-03-08 19:55:56,684 - __main__ - INFO -   ✓ dim_store (0 строк)
2026-03-08 19:55:56,729 - __main__ - INFO -   ✓ dim_store_location (0 строк)
2026-03-08 19:55:56,778 - __main__ - INFO -   ✓ fact_purchase_items (0 строк)
2026-03-08 19:55:56,825 - __main__ - INFO -   ✓ fact_purchases (0 строк)
2026-03-08 19:55:56,869 - __main__ - INFO -   ✓ mv_dim_customer (0 строк)
2026-03-08 19:55:56,917 - __main__ - INFO -   ✓ mv_dim_date (0 строк)
2026-03-08 19:55:56,966 - __main__ - INFO -   ✓ mv_dim_delivery_address_from_customers (0 строк)
2026-03-08 19:55:57,017 - __main__ - INFO -   ✓ mv_dim_manufacturer_from_products (0 строк)
2026-03-08 19:55:57,065 - __main__ - INFO -   ✓ mv_dim_product (0 строк)
2026-03-08 19:55:57,113 - __main__ - INFO -   ✓ mv_dim_store (0 строк)
2026-03-08 19:55:57,162 - __main__ - INFO -   ✓ mv_dim_store_location_from_stores (0 строк)
2026-03-08 19:55:57,210 - __main__ - INFO -   ✓ mv_fact_purchase_items (0 строк)
2026-03-08 19:55:57,258 - __main__ - INFO -   ✓ mv_fact_purchases (0 строк)
2026-03-08 19:55:57,258 - __main__ - INFO - 
======================================================================
2026-03-08 19:55:57,258 - __main__ - INFO - 
✅ Инициализация ClickHouse завершена!
